The system is: Linux - 4.15.12-1-ARCH - x86_64
Compiling the C compiler identification source file "CMakeCCompilerId.c" succeeded.
Compiler: /usr/bin/cc 
Build flags: 
Id flags:  

The output was:
0


Compilation of the C compiler identification source "CMakeCCompilerId.c" produced "a.out"

The C compiler identification is GNU, found in "/home/IN/wobi3451/final_raytracer/build/CMakeFiles/3.10.3/CompilerIdC/a.out"

Compiling the CXX compiler identification source file "CMakeCXXCompilerId.cpp" succeeded.
Compiler: /usr/bin/c++ 
Build flags: 
Id flags:  

The output was:
0


Compilation of the CXX compiler identification source "CMakeCXXCompilerId.cpp" produced "a.out"

The CXX compiler identification is GNU, found in "/home/IN/wobi3451/final_raytracer/build/CMakeFiles/3.10.3/CompilerIdCXX/a.out"

Determining if the C compiler works passed with the following output:
Change Dir: /home/IN/wobi3451/final_raytracer/build/CMakeFiles/CMakeTmp

Run Build Command:"/usr/bin/make" "cmTC_cad3e/fast"
/usr/bin/make -f CMakeFiles/cmTC_cad3e.dir/build.make CMakeFiles/cmTC_cad3e.dir/build
make[1]: Entering directory '/home/IN/wobi3451/final_raytracer/build/CMakeFiles/CMakeTmp'
Building C object CMakeFiles/cmTC_cad3e.dir/testCCompiler.c.o
/usr/bin/cc    -o CMakeFiles/cmTC_cad3e.dir/testCCompiler.c.o   -c /home/IN/wobi3451/final_raytracer/build/CMakeFiles/CMakeTmp/testCCompiler.c
Linking C executable cmTC_cad3e
/usr/bin/cmake -E cmake_link_script CMakeFiles/cmTC_cad3e.dir/link.txt --verbose=1
/usr/bin/cc      -rdynamic CMakeFiles/cmTC_cad3e.dir/testCCompiler.c.o  -o cmTC_cad3e 
make[1]: Leaving directory '/home/IN/wobi3451/final_raytracer/build/CMakeFiles/CMakeTmp'


Detecting C compiler ABI info compiled with the following output:
Change Dir: /home/IN/wobi3451/final_raytracer/build/CMakeFiles/CMakeTmp

Run Build Command:"/usr/bin/make" "cmTC_902e1/fast"
/usr/bin/make -f CMakeFiles/cmTC_902e1.dir/build.make CMakeFiles/cmTC_902e1.dir/build
make[1]: Entering directory '/home/IN/wobi3451/final_raytracer/build/CMakeFiles/CMakeTmp'
Building C object CMakeFiles/cmTC_902e1.dir/CMakeCCompilerABI.c.o
/usr/bin/cc    -o CMakeFiles/cmTC_902e1.dir/CMakeCCompilerABI.c.o   -c /usr/share/cmake-3.10/Modules/CMakeCCompilerABI.c
Linking C executable cmTC_902e1
/usr/bin/cmake -E cmake_link_script CMakeFiles/cmTC_902e1.dir/link.txt --verbose=1
/usr/bin/cc     -v -rdynamic CMakeFiles/cmTC_902e1.dir/CMakeCCompilerABI.c.o  -o cmTC_902e1 
Using built-in specs.
COLLECT_GCC=/usr/bin/cc
COLLECT_LTO_WRAPPER=/usr/lib/gcc/x86_64-pc-linux-gnu/7.3.1/lto-wrapper
Target: x86_64-pc-linux-gnu
Configured with: /build/gcc/src/gcc/configure --prefix=/usr --libdir=/usr/lib --libexecdir=/usr/lib --mandir=/usr/share/man --infodir=/usr/share/info --with-bugurl=https://bugs.archlinux.org/ --enable-languages=c,c++,ada,fortran,go,lto,objc,obj-c++ --enable-shared --enable-threads=posix --enable-libmpx --with-system-zlib --with-isl --enable-__cxa_atexit --disable-libunwind-exceptions --enable-clocale=gnu --disable-libstdcxx-pch --disable-libssp --enable-gnu-unique-object --enable-linker-build-id --enable-lto --enable-plugin --enable-install-libiberty --with-linker-hash-style=gnu --enable-gnu-indirect-function --enable-multilib --disable-werror --enable-checking=release --enable-default-pie --enable-default-ssp
Thread model: posix
gcc version 7.3.1 20180312 (GCC) 
COMPILER_PATH=/usr/lib/gcc/x86_64-pc-linux-gnu/7.3.1/:/usr/lib/gcc/x86_64-pc-linux-gnu/7.3.1/:/usr/lib/gcc/x86_64-pc-linux-gnu/:/usr/lib/gcc/x86_64-pc-linux-gnu/7.3.1/:/usr/lib/gcc/x86_64-pc-linux-gnu/
LIBRARY_PATH=/usr/lib/gcc/x86_64-pc-linux-gnu/7.3.1/:/usr/lib/gcc/x86_64-pc-linux-gnu/7.3.1/../../../../lib/:/lib/../lib/:/usr/lib/../lib/:/opt/intel/composerxe/compiler/lib/intel64/:/opt/intel/composerxe/ipp/../compiler/lib/intel64/:/opt/intel/composerxe/ipp/lib/intel64/:/opt/intel/composerxe/compiler/lib/intel64/:/opt/intel/composerxe/mkl/lib/intel64/:/opt/intel/composerxe/tbb/lib/intel64/gcc4.1/:/usr/lib/gcc/x86_64-pc-linux-gnu/7.3.1/../../../:/lib/:/usr/lib/
COLLECT_GCC_OPTIONS='-v' '-rdynamic' '-o' 'cmTC_902e1' '-mtune=generic' '-march=x86-64'
 /usr/lib/gcc/x86_64-pc-linux-gnu/7.3.1/collect2 -plugin /usr/lib/gcc/x86_64-pc-linux-gnu/7.3.1/liblto_plugin.so -plugin-opt=/usr/lib/gcc/x86_64-pc-linux-gnu/7.3.1/lto-wrapper -plugin-opt=-fresolution=/tmp/ccD47p5z.res -plugin-opt=-pass-through=-lgcc -plugin-opt=-pass-through=-lgcc_s -plugin-opt=-pass-through=-lc -plugin-opt=-pass-through=-lgcc -plugin-opt=-pass-through=-lgcc_s --build-id --eh-frame-hdr --hash-style=gnu -m elf_x86_64 -export-dynamic -dynamic-linker /lib64/ld-linux-x86-64.so.2 -pie -o cmTC_902e1 /usr/lib/gcc/x86_64-pc-linux-gnu/7.3.1/../../../../lib/Scrt1.o /usr/lib/gcc/x86_64-pc-linux-gnu/7.3.1/../../../../lib/crti.o /usr/lib/gcc/x86_64-pc-linux-gnu/7.3.1/crtbeginS.o -L/usr/lib/gcc/x86_64-pc-linux-gnu/7.3.1 -L/usr/lib/gcc/x86_64-pc-linux-gnu/7.3.1/../../../../lib -L/lib/../lib -L/usr/lib/../lib -L/opt/intel/composerxe/compiler/lib/intel64 -L/opt/intel/composerxe/ipp/../compiler/lib/intel64 -L/opt/intel/composerxe/ipp/lib/intel64 -L/opt/intel/composerxe/compiler/lib/intel64 -L/opt/intel/composerxe/mkl/lib/intel64 -L/opt/intel/composerxe/tbb/lib/intel64/gcc4.1 -L/usr/lib/gcc/x86_64-pc-linux-gnu/7.3.1/../../.. CMakeFiles/cmTC_902e1.dir/CMakeCCompilerABI.c.o -lgcc --as-needed -lgcc_s --no-as-needed -lc -lgcc --as-needed -lgcc_s --no-as-needed /usr/lib/gcc/x86_64-pc-linux-gnu/7.3.1/crtendS.o /usr/lib/gcc/x86_64-pc-linux-gnu/7.3.1/../../../../lib/crtn.o
COLLECT_GCC_OPTIONS='-v' '-rdynamic' '-o' 'cmTC_902e1' '-mtune=generic' '-march=x86-64'
make[1]: Leaving directory '/home/IN/wobi3451/final_raytracer/build/CMakeFiles/CMakeTmp'


Parsed C implicit link information from above output:
  link line regex: [^( *|.*[/\])(ld|CMAKE_LINK_STARTFILE-NOTFOUND|([^/\]+-)?ld|collect2)[^/\]*( |$)]
  ignore line: [Change Dir: /home/IN/wobi3451/final_raytracer/build/CMakeFiles/CMakeTmp]
  ignore line: []
  ignore line: [Run Build Command:"/usr/bin/make" "cmTC_902e1/fast"]
  ignore line: [/usr/bin/make -f CMakeFiles/cmTC_902e1.dir/build.make CMakeFiles/cmTC_902e1.dir/build]
  ignore line: [make[1]: Entering directory '/home/IN/wobi3451/final_raytracer/build/CMakeFiles/CMakeTmp']
  ignore line: [Building C object CMakeFiles/cmTC_902e1.dir/CMakeCCompilerABI.c.o]
  ignore line: [/usr/bin/cc    -o CMakeFiles/cmTC_902e1.dir/CMakeCCompilerABI.c.o   -c /usr/share/cmake-3.10/Modules/CMakeCCompilerABI.c]
  ignore line: [Linking C executable cmTC_902e1]
  ignore line: [/usr/bin/cmake -E cmake_link_script CMakeFiles/cmTC_902e1.dir/link.txt --verbose=1]
  ignore line: [/usr/bin/cc     -v -rdynamic CMakeFiles/cmTC_902e1.dir/CMakeCCompilerABI.c.o  -o cmTC_902e1 ]
  ignore line: [Using built-in specs.]
  ignore line: [COLLECT_GCC=/usr/bin/cc]
  ignore line: [COLLECT_LTO_WRAPPER=/usr/lib/gcc/x86_64-pc-linux-gnu/7.3.1/lto-wrapper]
  ignore line: [Target: x86_64-pc-linux-gnu]
  ignore line: [Configured with: /build/gcc/src/gcc/configure --prefix=/usr --libdir=/usr/lib --libexecdir=/usr/lib --mandir=/usr/share/man --infodir=/usr/share/info --with-bugurl=https://bugs.archlinux.org/ --enable-languages=c,c++,ada,fortran,go,lto,objc,obj-c++ --enable-shared --enable-threads=posix --enable-libmpx --with-system-zlib --with-isl --enable-__cxa_atexit --disable-libunwind-exceptions --enable-clocale=gnu --disable-libstdcxx-pch --disable-libssp --enable-gnu-unique-object --enable-linker-build-id --enable-lto --enable-plugin --enable-install-libiberty --with-linker-hash-style=gnu --enable-gnu-indirect-function --enable-multilib --disable-werror --enable-checking=release --enable-default-pie --enable-default-ssp]
  ignore line: [Thread model: posix]
  ignore line: [gcc version 7.3.1 20180312 (GCC) ]
  ignore line: [COMPILER_PATH=/usr/lib/gcc/x86_64-pc-linux-gnu/7.3.1/:/usr/lib/gcc/x86_64-pc-linux-gnu/7.3.1/:/usr/lib/gcc/x86_64-pc-linux-gnu/:/usr/lib/gcc/x86_64-pc-linux-gnu/7.3.1/:/usr/lib/gcc/x86_64-pc-linux-gnu/]
  ignore line: [LIBRARY_PATH=/usr/lib/gcc/x86_64-pc-linux-gnu/7.3.1/:/usr/lib/gcc/x86_64-pc-linux-gnu/7.3.1/../../../../lib/:/lib/../lib/:/usr/lib/../lib/:/opt/intel/composerxe/compiler/lib/intel64/:/opt/intel/composerxe/ipp/../compiler/lib/intel64/:/opt/intel/composerxe/ipp/lib/intel64/:/opt/intel/composerxe/compiler/lib/intel64/:/opt/intel/composerxe/mkl/lib/intel64/:/opt/intel/composerxe/tbb/lib/intel64/gcc4.1/:/usr/lib/gcc/x86_64-pc-linux-gnu/7.3.1/../../../:/lib/:/usr/lib/]
  ignore line: [COLLECT_GCC_OPTIONS='-v' '-rdynamic' '-o' 'cmTC_902e1' '-mtune=generic' '-march=x86-64']
  link line: [ /usr/lib/gcc/x86_64-pc-linux-gnu/7.3.1/collect2 -plugin /usr/lib/gcc/x86_64-pc-linux-gnu/7.3.1/liblto_plugin.so -plugin-opt=/usr/lib/gcc/x86_64-pc-linux-gnu/7.3.1/lto-wrapper -plugin-opt=-fresolution=/tmp/ccD47p5z.res -plugin-opt=-pass-through=-lgcc -plugin-opt=-pass-through=-lgcc_s -plugin-opt=-pass-through=-lc -plugin-opt=-pass-through=-lgcc -plugin-opt=-pass-through=-lgcc_s --build-id --eh-frame-hdr --hash-style=gnu -m elf_x86_64 -export-dynamic -dynamic-linker /lib64/ld-linux-x86-64.so.2 -pie -o cmTC_902e1 /usr/lib/gcc/x86_64-pc-linux-gnu/7.3.1/../../../../lib/Scrt1.o /usr/lib/gcc/x86_64-pc-linux-gnu/7.3.1/../../../../lib/crti.o /usr/lib/gcc/x86_64-pc-linux-gnu/7.3.1/crtbeginS.o -L/usr/lib/gcc/x86_64-pc-linux-gnu/7.3.1 -L/usr/lib/gcc/x86_64-pc-linux-gnu/7.3.1/../../../../lib -L/lib/../lib -L/usr/lib/../lib -L/opt/intel/composerxe/compiler/lib/intel64 -L/opt/intel/composerxe/ipp/../compiler/lib/intel64 -L/opt/intel/composerxe/ipp/lib/intel64 -L/opt/intel/composerxe/compiler/lib/intel64 -L/opt/intel/composerxe/mkl/lib/intel64 -L/opt/intel/composerxe/tbb/lib/intel64/gcc4.1 -L/usr/lib/gcc/x86_64-pc-linux-gnu/7.3.1/../../.. CMakeFiles/cmTC_902e1.dir/CMakeCCompilerABI.c.o -lgcc --as-needed -lgcc_s --no-as-needed -lc -lgcc --as-needed -lgcc_s --no-as-needed /usr/lib/gcc/x86_64-pc-linux-gnu/7.3.1/crtendS.o /usr/lib/gcc/x86_64-pc-linux-gnu/7.3.1/../../../../lib/crtn.o]
    arg [/usr/lib/gcc/x86_64-pc-linux-gnu/7.3.1/collect2] ==> ignore
    arg [-plugin] ==> ignore
    arg [/usr/lib/gcc/x86_64-pc-linux-gnu/7.3.1/liblto_plugin.so] ==> ignore
    arg [-plugin-opt=/usr/lib/gcc/x86_64-pc-linux-gnu/7.3.1/lto-wrapper] ==> ignore
    arg [-plugin-opt=-fresolution=/tmp/ccD47p5z.res] ==> ignore
    arg [-plugin-opt=-pass-through=-lgcc] ==> ignore
    arg [-plugin-opt=-pass-through=-lgcc_s] ==> ignore
    arg [-plugin-opt=-pass-through=-lc] ==> ignore
    arg [-plugin-opt=-pass-through=-lgcc] ==> ignore
    arg [-plugin-opt=-pass-through=-lgcc_s] ==> ignore
    arg [--build-id] ==> ignore
    arg [--eh-frame-hdr] ==> ignore
    arg [--hash-style=gnu] ==> ignore
    arg [-m] ==> ignore
    arg [elf_x86_64] ==> ignore
    arg [-export-dynamic] ==> ignore
    arg [-dynamic-linker] ==> ignore
    arg [/lib64/ld-linux-x86-64.so.2] ==> ignore
    arg [-pie] ==> ignore
    arg [-o] ==> ignore
    arg [cmTC_902e1] ==> ignore
    arg [/usr/lib/gcc/x86_64-pc-linux-gnu/7.3.1/../../../../lib/Scrt1.o] ==> ignore
    arg [/usr/lib/gcc/x86_64-pc-linux-gnu/7.3.1/../../../../lib/crti.o] ==> ignore
    arg [/usr/lib/gcc/x86_64-pc-linux-gnu/7.3.1/crtbeginS.o] ==> ignore
    arg [-L/usr/lib/gcc/x86_64-pc-linux-gnu/7.3.1] ==> dir [/usr/lib/gcc/x86_64-pc-linux-gnu/7.3.1]
    arg [-L/usr/lib/gcc/x86_64-pc-linux-gnu/7.3.1/../../../../lib] ==> dir [/usr/lib/gcc/x86_64-pc-linux-gnu/7.3.1/../../../../lib]
    arg [-L/lib/../lib] ==> dir [/lib/../lib]
    arg [-L/usr/lib/../lib] ==> dir [/usr/lib/../lib]
    arg [-L/opt/intel/composerxe/compiler/lib/intel64] ==> dir [/opt/intel/composerxe/compiler/lib/intel64]
    arg [-L/opt/intel/composerxe/ipp/../compiler/lib/intel64] ==> dir [/opt/intel/composerxe/ipp/../compiler/lib/intel64]
    arg [-L/opt/intel/composerxe/ipp/lib/intel64] ==> dir [/opt/intel/composerxe/ipp/lib/intel64]
    arg [-L/opt/intel/composerxe/compiler/lib/intel64] ==> dir [/opt/intel/composerxe/compiler/lib/intel64]
    arg [-L/opt/intel/composerxe/mkl/lib/intel64] ==> dir [/opt/intel/composerxe/mkl/lib/intel64]
    arg [-L/opt/intel/composerxe/tbb/lib/intel64/gcc4.1] ==> dir [/opt/intel/composerxe/tbb/lib/intel64/gcc4.1]
    arg [-L/usr/lib/gcc/x86_64-pc-linux-gnu/7.3.1/../../..] ==> dir [/usr/lib/gcc/x86_64-pc-linux-gnu/7.3.1/../../..]
    arg [CMakeFiles/cmTC_902e1.dir/CMakeCCompilerABI.c.o] ==> ignore
    arg [-lgcc] ==> lib [gcc]
    arg [--as-needed] ==> ignore
    arg [-lgcc_s] ==> lib [gcc_s]
    arg [--no-as-needed] ==> ignore
    arg [-lc] ==> lib [c]
    arg [-lgcc] ==> lib [gcc]
    arg [--as-needed] ==> ignore
    arg [-lgcc_s] ==> lib [gcc_s]
    arg [--no-as-needed] ==> ignore
    arg [/usr/lib/gcc/x86_64-pc-linux-gnu/7.3.1/crtendS.o] ==> ignore
    arg [/usr/lib/gcc/x86_64-pc-linux-gnu/7.3.1/../../../../lib/crtn.o] ==> ignore
  collapse library dir [/usr/lib/gcc/x86_64-pc-linux-gnu/7.3.1] ==> [/usr/lib/gcc/x86_64-pc-linux-gnu/7.3.1]
  collapse library dir [/usr/lib/gcc/x86_64-pc-linux-gnu/7.3.1/../../../../lib] ==> [/usr/lib]
  collapse library dir [/lib/../lib] ==> [/lib]
  collapse library dir [/usr/lib/../lib] ==> [/usr/lib]
  collapse library dir [/opt/intel/composerxe/compiler/lib/intel64] ==> [/opt/intel/composerxe/compiler/lib/intel64]
  collapse library dir [/opt/intel/composerxe/ipp/../compiler/lib/intel64] ==> [/opt/intel/composerxe/compiler/lib/intel64]
  collapse library dir [/opt/intel/composerxe/ipp/lib/intel64] ==> [/opt/intel/composerxe/ipp/lib/intel64]
  collapse library dir [/opt/intel/composerxe/compiler/lib/intel64] ==> [/opt/intel/composerxe/compiler/lib/intel64]
  collapse library dir [/opt/intel/composerxe/mkl/lib/intel64] ==> [/opt/intel/composerxe/mkl/lib/intel64]
  collapse library dir [/opt/intel/composerxe/tbb/lib/intel64/gcc4.1] ==> [/opt/intel/composerxe/tbb/lib/intel64/gcc4.1]
  collapse library dir [/usr/lib/gcc/x86_64-pc-linux-gnu/7.3.1/../../..] ==> [/usr/lib]
  implicit libs: [gcc;gcc_s;c;gcc;gcc_s]
  implicit dirs: [/usr/lib/gcc/x86_64-pc-linux-gnu/7.3.1;/usr/lib;/lib;/opt/intel/composerxe/compiler/lib/intel64;/opt/intel/composerxe/ipp/lib/intel64;/opt/intel/composerxe/mkl/lib/intel64;/opt/intel/composerxe/tbb/lib/intel64/gcc4.1]
  implicit fwks: []




Detecting C [-std=c11] compiler features compiled with the following output:
Change Dir: /home/IN/wobi3451/final_raytracer/build/CMakeFiles/CMakeTmp

Run Build Command:"/usr/bin/make" "cmTC_c0aec/fast"
/usr/bin/make -f CMakeFiles/cmTC_c0aec.dir/build.make CMakeFiles/cmTC_c0aec.dir/build
make[1]: Entering directory '/home/IN/wobi3451/final_raytracer/build/CMakeFiles/CMakeTmp'
Building C object CMakeFiles/cmTC_c0aec.dir/feature_tests.c.o
/usr/bin/cc   -std=c11 -o CMakeFiles/cmTC_c0aec.dir/feature_tests.c.o   -c /home/IN/wobi3451/final_raytracer/build/CMakeFiles/feature_tests.c
Linking C executable cmTC_c0aec
/usr/bin/cmake -E cmake_link_script CMakeFiles/cmTC_c0aec.dir/link.txt --verbose=1
/usr/bin/cc      -rdynamic CMakeFiles/cmTC_c0aec.dir/feature_tests.c.o  -o cmTC_c0aec 
make[1]: Leaving directory '/home/IN/wobi3451/final_raytracer/build/CMakeFiles/CMakeTmp'


    Feature record: C_FEATURE:1c_function_prototypes
    Feature record: C_FEATURE:1c_restrict
    Feature record: C_FEATURE:1c_static_assert
    Feature record: C_FEATURE:1c_variadic_macros


Detecting C [-std=c99] compiler features compiled with the following output:
Change Dir: /home/IN/wobi3451/final_raytracer/build/CMakeFiles/CMakeTmp

Run Build Command:"/usr/bin/make" "cmTC_7597a/fast"
/usr/bin/make -f CMakeFiles/cmTC_7597a.dir/build.make CMakeFiles/cmTC_7597a.dir/build
make[1]: Entering directory '/home/IN/wobi3451/final_raytracer/build/CMakeFiles/CMakeTmp'
Building C object CMakeFiles/cmTC_7597a.dir/feature_tests.c.o
/usr/bin/cc   -std=c99 -o CMakeFiles/cmTC_7597a.dir/feature_tests.c.o   -c /home/IN/wobi3451/final_raytracer/build/CMakeFiles/feature_tests.c
Linking C executable cmTC_7597a
/usr/bin/cmake -E cmake_link_script CMakeFiles/cmTC_7597a.dir/link.txt --verbose=1
/usr/bin/cc      -rdynamic CMakeFiles/cmTC_7597a.dir/feature_tests.c.o  -o cmTC_7597a 
make[1]: Leaving directory '/home/IN/wobi3451/final_raytracer/build/CMakeFiles/CMakeTmp'


    Feature record: C_FEATURE:1c_function_prototypes
    Feature record: C_FEATURE:1c_restrict
    Feature record: C_FEATURE:0c_static_assert
    Feature record: C_FEATURE:1c_variadic_macros


Detecting C [-std=c90] compiler features compiled with the following output:
Change Dir: /home/IN/wobi3451/final_raytracer/build/CMakeFiles/CMakeTmp

Run Build Command:"/usr/bin/make" "cmTC_47b03/fast"
/usr/bin/make -f CMakeFiles/cmTC_47b03.dir/build.make CMakeFiles/cmTC_47b03.dir/build
make[1]: Entering directory '/home/IN/wobi3451/final_raytracer/build/CMakeFiles/CMakeTmp'
Building C object CMakeFiles/cmTC_47b03.dir/feature_tests.c.o
/usr/bin/cc   -std=c90 -o CMakeFiles/cmTC_47b03.dir/feature_tests.c.o   -c /home/IN/wobi3451/final_raytracer/build/CMakeFiles/feature_tests.c
Linking C executable cmTC_47b03
/usr/bin/cmake -E cmake_link_script CMakeFiles/cmTC_47b03.dir/link.txt --verbose=1
/usr/bin/cc      -rdynamic CMakeFiles/cmTC_47b03.dir/feature_tests.c.o  -o cmTC_47b03 
make[1]: Leaving directory '/home/IN/wobi3451/final_raytracer/build/CMakeFiles/CMakeTmp'


    Feature record: C_FEATURE:1c_function_prototypes
    Feature record: C_FEATURE:0c_restrict
    Feature record: C_FEATURE:0c_static_assert
    Feature record: C_FEATURE:0c_variadic_macros
Determining if the CXX compiler works passed with the following output:
Change Dir: /home/IN/wobi3451/final_raytracer/build/CMakeFiles/CMakeTmp

Run Build Command:"/usr/bin/make" "cmTC_d0851/fast"
/usr/bin/make -f CMakeFiles/cmTC_d0851.dir/build.make CMakeFiles/cmTC_d0851.dir/build
make[1]: Entering directory '/home/IN/wobi3451/final_raytracer/build/CMakeFiles/CMakeTmp'
Building CXX object CMakeFiles/cmTC_d0851.dir/testCXXCompiler.cxx.o
/usr/bin/c++     -o CMakeFiles/cmTC_d0851.dir/testCXXCompiler.cxx.o -c /home/IN/wobi3451/final_raytracer/build/CMakeFiles/CMakeTmp/testCXXCompiler.cxx
Linking CXX executable cmTC_d0851
/usr/bin/cmake -E cmake_link_script CMakeFiles/cmTC_d0851.dir/link.txt --verbose=1
/usr/bin/c++       -rdynamic CMakeFiles/cmTC_d0851.dir/testCXXCompiler.cxx.o  -o cmTC_d0851 
make[1]: Leaving directory '/home/IN/wobi3451/final_raytracer/build/CMakeFiles/CMakeTmp'


Detecting CXX compiler ABI info compiled with the following output:
Change Dir: /home/IN/wobi3451/final_raytracer/build/CMakeFiles/CMakeTmp

Run Build Command:"/usr/bin/make" "cmTC_798c8/fast"
/usr/bin/make -f CMakeFiles/cmTC_798c8.dir/build.make CMakeFiles/cmTC_798c8.dir/build
make[1]: Entering directory '/home/IN/wobi3451/final_raytracer/build/CMakeFiles/CMakeTmp'
Building CXX object CMakeFiles/cmTC_798c8.dir/CMakeCXXCompilerABI.cpp.o
/usr/bin/c++     -o CMakeFiles/cmTC_798c8.dir/CMakeCXXCompilerABI.cpp.o -c /usr/share/cmake-3.10/Modules/CMakeCXXCompilerABI.cpp
Linking CXX executable cmTC_798c8
/usr/bin/cmake -E cmake_link_script CMakeFiles/cmTC_798c8.dir/link.txt --verbose=1
/usr/bin/c++      -v -rdynamic CMakeFiles/cmTC_798c8.dir/CMakeCXXCompilerABI.cpp.o  -o cmTC_798c8 
Using built-in specs.
COLLECT_GCC=/usr/bin/c++
COLLECT_LTO_WRAPPER=/usr/lib/gcc/x86_64-pc-linux-gnu/7.3.1/lto-wrapper
Target: x86_64-pc-linux-gnu
Configured with: /build/gcc/src/gcc/configure --prefix=/usr --libdir=/usr/lib --libexecdir=/usr/lib --mandir=/usr/share/man --infodir=/usr/share/info --with-bugurl=https://bugs.archlinux.org/ --enable-languages=c,c++,ada,fortran,go,lto,objc,obj-c++ --enable-shared --enable-threads=posix --enable-libmpx --with-system-zlib --with-isl --enable-__cxa_atexit --disable-libunwind-exceptions --enable-clocale=gnu --disable-libstdcxx-pch --disable-libssp --enable-gnu-unique-object --enable-linker-build-id --enable-lto --enable-plugin --enable-install-libiberty --with-linker-hash-style=gnu --enable-gnu-indirect-function --enable-multilib --disable-werror --enable-checking=release --enable-default-pie --enable-default-ssp
Thread model: posix
gcc version 7.3.1 20180312 (GCC) 
COMPILER_PATH=/usr/lib/gcc/x86_64-pc-linux-gnu/7.3.1/:/usr/lib/gcc/x86_64-pc-linux-gnu/7.3.1/:/usr/lib/gcc/x86_64-pc-linux-gnu/:/usr/lib/gcc/x86_64-pc-linux-gnu/7.3.1/:/usr/lib/gcc/x86_64-pc-linux-gnu/
LIBRARY_PATH=/usr/lib/gcc/x86_64-pc-linux-gnu/7.3.1/:/usr/lib/gcc/x86_64-pc-linux-gnu/7.3.1/../../../../lib/:/lib/../lib/:/usr/lib/../lib/:/opt/intel/composerxe/compiler/lib/intel64/:/opt/intel/composerxe/ipp/../compiler/lib/intel64/:/opt/intel/composerxe/ipp/lib/intel64/:/opt/intel/composerxe/compiler/lib/intel64/:/opt/intel/composerxe/mkl/lib/intel64/:/opt/intel/composerxe/tbb/lib/intel64/gcc4.1/:/usr/lib/gcc/x86_64-pc-linux-gnu/7.3.1/../../../:/lib/:/usr/lib/
COLLECT_GCC_OPTIONS='-v' '-rdynamic' '-o' 'cmTC_798c8' '-shared-libgcc' '-mtune=generic' '-march=x86-64'
 /usr/lib/gcc/x86_64-pc-linux-gnu/7.3.1/collect2 -plugin /usr/lib/gcc/x86_64-pc-linux-gnu/7.3.1/liblto_plugin.so -plugin-opt=/usr/lib/gcc/x86_64-pc-linux-gnu/7.3.1/lto-wrapper -plugin-opt=-fresolution=/tmp/ccsNsAFZ.res -plugin-opt=-pass-through=-lgcc_s -plugin-opt=-pass-through=-lgcc -plugin-opt=-pass-through=-lc -plugin-opt=-pass-through=-lgcc_s -plugin-opt=-pass-through=-lgcc --build-id --eh-frame-hdr --hash-style=gnu -m elf_x86_64 -export-dynamic -dynamic-linker /lib64/ld-linux-x86-64.so.2 -pie -o cmTC_798c8 /usr/lib/gcc/x86_64-pc-linux-gnu/7.3.1/../../../../lib/Scrt1.o /usr/lib/gcc/x86_64-pc-linux-gnu/7.3.1/../../../../lib/crti.o /usr/lib/gcc/x86_64-pc-linux-gnu/7.3.1/crtbeginS.o -L/usr/lib/gcc/x86_64-pc-linux-gnu/7.3.1 -L/usr/lib/gcc/x86_64-pc-linux-gnu/7.3.1/../../../../lib -L/lib/../lib -L/usr/lib/../lib -L/opt/intel/composerxe/compiler/lib/intel64 -L/opt/intel/composerxe/ipp/../compiler/lib/intel64 -L/opt/intel/composerxe/ipp/lib/intel64 -L/opt/intel/composerxe/compiler/lib/intel64 -L/opt/intel/composerxe/mkl/lib/intel64 -L/opt/intel/composerxe/tbb/lib/intel64/gcc4.1 -L/usr/lib/gcc/x86_64-pc-linux-gnu/7.3.1/../../.. CMakeFiles/cmTC_798c8.dir/CMakeCXXCompilerABI.cpp.o -lstdc++ -lm -lgcc_s -lgcc -lc -lgcc_s -lgcc /usr/lib/gcc/x86_64-pc-linux-gnu/7.3.1/crtendS.o /usr/lib/gcc/x86_64-pc-linux-gnu/7.3.1/../../../../lib/crtn.o
COLLECT_GCC_OPTIONS='-v' '-rdynamic' '-o' 'cmTC_798c8' '-shared-libgcc' '-mtune=generic' '-march=x86-64'
make[1]: Leaving directory '/home/IN/wobi3451/final_raytracer/build/CMakeFiles/CMakeTmp'


Parsed CXX implicit link information from above output:
  link line regex: [^( *|.*[/\])(ld|CMAKE_LINK_STARTFILE-NOTFOUND|([^/\]+-)?ld|collect2)[^/\]*( |$)]
  ignore line: [Change Dir: /home/IN/wobi3451/final_raytracer/build/CMakeFiles/CMakeTmp]
  ignore line: []
  ignore line: [Run Build Command:"/usr/bin/make" "cmTC_798c8/fast"]
  ignore line: [/usr/bin/make -f CMakeFiles/cmTC_798c8.dir/build.make CMakeFiles/cmTC_798c8.dir/build]
  ignore line: [make[1]: Entering directory '/home/IN/wobi3451/final_raytracer/build/CMakeFiles/CMakeTmp']
  ignore line: [Building CXX object CMakeFiles/cmTC_798c8.dir/CMakeCXXCompilerABI.cpp.o]
  ignore line: [/usr/bin/c++     -o CMakeFiles/cmTC_798c8.dir/CMakeCXXCompilerABI.cpp.o -c /usr/share/cmake-3.10/Modules/CMakeCXXCompilerABI.cpp]
  ignore line: [Linking CXX executable cmTC_798c8]
  ignore line: [/usr/bin/cmake -E cmake_link_script CMakeFiles/cmTC_798c8.dir/link.txt --verbose=1]
  ignore line: [/usr/bin/c++      -v -rdynamic CMakeFiles/cmTC_798c8.dir/CMakeCXXCompilerABI.cpp.o  -o cmTC_798c8 ]
  ignore line: [Using built-in specs.]
  ignore line: [COLLECT_GCC=/usr/bin/c++]
  ignore line: [COLLECT_LTO_WRAPPER=/usr/lib/gcc/x86_64-pc-linux-gnu/7.3.1/lto-wrapper]
  ignore line: [Target: x86_64-pc-linux-gnu]
  ignore line: [Configured with: /build/gcc/src/gcc/configure --prefix=/usr --libdir=/usr/lib --libexecdir=/usr/lib --mandir=/usr/share/man --infodir=/usr/share/info --with-bugurl=https://bugs.archlinux.org/ --enable-languages=c,c++,ada,fortran,go,lto,objc,obj-c++ --enable-shared --enable-threads=posix --enable-libmpx --with-system-zlib --with-isl --enable-__cxa_atexit --disable-libunwind-exceptions --enable-clocale=gnu --disable-libstdcxx-pch --disable-libssp --enable-gnu-unique-object --enable-linker-build-id --enable-lto --enable-plugin --enable-install-libiberty --with-linker-hash-style=gnu --enable-gnu-indirect-function --enable-multilib --disable-werror --enable-checking=release --enable-default-pie --enable-default-ssp]
  ignore line: [Thread model: posix]
  ignore line: [gcc version 7.3.1 20180312 (GCC) ]
  ignore line: [COMPILER_PATH=/usr/lib/gcc/x86_64-pc-linux-gnu/7.3.1/:/usr/lib/gcc/x86_64-pc-linux-gnu/7.3.1/:/usr/lib/gcc/x86_64-pc-linux-gnu/:/usr/lib/gcc/x86_64-pc-linux-gnu/7.3.1/:/usr/lib/gcc/x86_64-pc-linux-gnu/]
  ignore line: [LIBRARY_PATH=/usr/lib/gcc/x86_64-pc-linux-gnu/7.3.1/:/usr/lib/gcc/x86_64-pc-linux-gnu/7.3.1/../../../../lib/:/lib/../lib/:/usr/lib/../lib/:/opt/intel/composerxe/compiler/lib/intel64/:/opt/intel/composerxe/ipp/../compiler/lib/intel64/:/opt/intel/composerxe/ipp/lib/intel64/:/opt/intel/composerxe/compiler/lib/intel64/:/opt/intel/composerxe/mkl/lib/intel64/:/opt/intel/composerxe/tbb/lib/intel64/gcc4.1/:/usr/lib/gcc/x86_64-pc-linux-gnu/7.3.1/../../../:/lib/:/usr/lib/]
  ignore line: [COLLECT_GCC_OPTIONS='-v' '-rdynamic' '-o' 'cmTC_798c8' '-shared-libgcc' '-mtune=generic' '-march=x86-64']
  link line: [ /usr/lib/gcc/x86_64-pc-linux-gnu/7.3.1/collect2 -plugin /usr/lib/gcc/x86_64-pc-linux-gnu/7.3.1/liblto_plugin.so -plugin-opt=/usr/lib/gcc/x86_64-pc-linux-gnu/7.3.1/lto-wrapper -plugin-opt=-fresolution=/tmp/ccsNsAFZ.res -plugin-opt=-pass-through=-lgcc_s -plugin-opt=-pass-through=-lgcc -plugin-opt=-pass-through=-lc -plugin-opt=-pass-through=-lgcc_s -plugin-opt=-pass-through=-lgcc --build-id --eh-frame-hdr --hash-style=gnu -m elf_x86_64 -export-dynamic -dynamic-linker /lib64/ld-linux-x86-64.so.2 -pie -o cmTC_798c8 /usr/lib/gcc/x86_64-pc-linux-gnu/7.3.1/../../../../lib/Scrt1.o /usr/lib/gcc/x86_64-pc-linux-gnu/7.3.1/../../../../lib/crti.o /usr/lib/gcc/x86_64-pc-linux-gnu/7.3.1/crtbeginS.o -L/usr/lib/gcc/x86_64-pc-linux-gnu/7.3.1 -L/usr/lib/gcc/x86_64-pc-linux-gnu/7.3.1/../../../../lib -L/lib/../lib -L/usr/lib/../lib -L/opt/intel/composerxe/compiler/lib/intel64 -L/opt/intel/composerxe/ipp/../compiler/lib/intel64 -L/opt/intel/composerxe/ipp/lib/intel64 -L/opt/intel/composerxe/compiler/lib/intel64 -L/opt/intel/composerxe/mkl/lib/intel64 -L/opt/intel/composerxe/tbb/lib/intel64/gcc4.1 -L/usr/lib/gcc/x86_64-pc-linux-gnu/7.3.1/../../.. CMakeFiles/cmTC_798c8.dir/CMakeCXXCompilerABI.cpp.o -lstdc++ -lm -lgcc_s -lgcc -lc -lgcc_s -lgcc /usr/lib/gcc/x86_64-pc-linux-gnu/7.3.1/crtendS.o /usr/lib/gcc/x86_64-pc-linux-gnu/7.3.1/../../../../lib/crtn.o]
    arg [/usr/lib/gcc/x86_64-pc-linux-gnu/7.3.1/collect2] ==> ignore
    arg [-plugin] ==> ignore
    arg [/usr/lib/gcc/x86_64-pc-linux-gnu/7.3.1/liblto_plugin.so] ==> ignore
    arg [-plugin-opt=/usr/lib/gcc/x86_64-pc-linux-gnu/7.3.1/lto-wrapper] ==> ignore
    arg [-plugin-opt=-fresolution=/tmp/ccsNsAFZ.res] ==> ignore
    arg [-plugin-opt=-pass-through=-lgcc_s] ==> ignore
    arg [-plugin-opt=-pass-through=-lgcc] ==> ignore
    arg [-plugin-opt=-pass-through=-lc] ==> ignore
    arg [-plugin-opt=-pass-through=-lgcc_s] ==> ignore
    arg [-plugin-opt=-pass-through=-lgcc] ==> ignore
    arg [--build-id] ==> ignore
    arg [--eh-frame-hdr] ==> ignore
    arg [--hash-style=gnu] ==> ignore
    arg [-m] ==> ignore
    arg [elf_x86_64] ==> ignore
    arg [-export-dynamic] ==> ignore
    arg [-dynamic-linker] ==> ignore
    arg [/lib64/ld-linux-x86-64.so.2] ==> ignore
    arg [-pie] ==> ignore
    arg [-o] ==> ignore
    arg [cmTC_798c8] ==> ignore
    arg [/usr/lib/gcc/x86_64-pc-linux-gnu/7.3.1/../../../../lib/Scrt1.o] ==> ignore
    arg [/usr/lib/gcc/x86_64-pc-linux-gnu/7.3.1/../../../../lib/crti.o] ==> ignore
    arg [/usr/lib/gcc/x86_64-pc-linux-gnu/7.3.1/crtbeginS.o] ==> ignore
    arg [-L/usr/lib/gcc/x86_64-pc-linux-gnu/7.3.1] ==> dir [/usr/lib/gcc/x86_64-pc-linux-gnu/7.3.1]
    arg [-L/usr/lib/gcc/x86_64-pc-linux-gnu/7.3.1/../../../../lib] ==> dir [/usr/lib/gcc/x86_64-pc-linux-gnu/7.3.1/../../../../lib]
    arg [-L/lib/../lib] ==> dir [/lib/../lib]
    arg [-L/usr/lib/../lib] ==> dir [/usr/lib/../lib]
    arg [-L/opt/intel/composerxe/compiler/lib/intel64] ==> dir [/opt/intel/composerxe/compiler/lib/intel64]
    arg [-L/opt/intel/composerxe/ipp/../compiler/lib/intel64] ==> dir [/opt/intel/composerxe/ipp/../compiler/lib/intel64]
    arg [-L/opt/intel/composerxe/ipp/lib/intel64] ==> dir [/opt/intel/composerxe/ipp/lib/intel64]
    arg [-L/opt/intel/composerxe/compiler/lib/intel64] ==> dir [/opt/intel/composerxe/compiler/lib/intel64]
    arg [-L/opt/intel/composerxe/mkl/lib/intel64] ==> dir [/opt/intel/composerxe/mkl/lib/intel64]
    arg [-L/opt/intel/composerxe/tbb/lib/intel64/gcc4.1] ==> dir [/opt/intel/composerxe/tbb/lib/intel64/gcc4.1]
    arg [-L/usr/lib/gcc/x86_64-pc-linux-gnu/7.3.1/../../..] ==> dir [/usr/lib/gcc/x86_64-pc-linux-gnu/7.3.1/../../..]
    arg [CMakeFiles/cmTC_798c8.dir/CMakeCXXCompilerABI.cpp.o] ==> ignore
    arg [-lstdc++] ==> lib [stdc++]
    arg [-lm] ==> lib [m]
    arg [-lgcc_s] ==> lib [gcc_s]
    arg [-lgcc] ==> lib [gcc]
    arg [-lc] ==> lib [c]
    arg [-lgcc_s] ==> lib [gcc_s]
    arg [-lgcc] ==> lib [gcc]
    arg [/usr/lib/gcc/x86_64-pc-linux-gnu/7.3.1/crtendS.o] ==> ignore
    arg [/usr/lib/gcc/x86_64-pc-linux-gnu/7.3.1/../../../../lib/crtn.o] ==> ignore
  collapse library dir [/usr/lib/gcc/x86_64-pc-linux-gnu/7.3.1] ==> [/usr/lib/gcc/x86_64-pc-linux-gnu/7.3.1]
  collapse library dir [/usr/lib/gcc/x86_64-pc-linux-gnu/7.3.1/../../../../lib] ==> [/usr/lib]
  collapse library dir [/lib/../lib] ==> [/lib]
  collapse library dir [/usr/lib/../lib] ==> [/usr/lib]
  collapse library dir [/opt/intel/composerxe/compiler/lib/intel64] ==> [/opt/intel/composerxe/compiler/lib/intel64]
  collapse library dir [/opt/intel/composerxe/ipp/../compiler/lib/intel64] ==> [/opt/intel/composerxe/compiler/lib/intel64]
  collapse library dir [/opt/intel/composerxe/ipp/lib/intel64] ==> [/opt/intel/composerxe/ipp/lib/intel64]
  collapse library dir [/opt/intel/composerxe/compiler/lib/intel64] ==> [/opt/intel/composerxe/compiler/lib/intel64]
  collapse library dir [/opt/intel/composerxe/mkl/lib/intel64] ==> [/opt/intel/composerxe/mkl/lib/intel64]
  collapse library dir [/opt/intel/composerxe/tbb/lib/intel64/gcc4.1] ==> [/opt/intel/composerxe/tbb/lib/intel64/gcc4.1]
  collapse library dir [/usr/lib/gcc/x86_64-pc-linux-gnu/7.3.1/../../..] ==> [/usr/lib]
  implicit libs: [stdc++;m;gcc_s;gcc;c;gcc_s;gcc]
  implicit dirs: [/usr/lib/gcc/x86_64-pc-linux-gnu/7.3.1;/usr/lib;/lib;/opt/intel/composerxe/compiler/lib/intel64;/opt/intel/composerxe/ipp/lib/intel64;/opt/intel/composerxe/mkl/lib/intel64;/opt/intel/composerxe/tbb/lib/intel64/gcc4.1]
  implicit fwks: []




Detecting CXX [-std=c++1z] compiler features compiled with the following output:
Change Dir: /home/IN/wobi3451/final_raytracer/build/CMakeFiles/CMakeTmp

Run Build Command:"/usr/bin/make" "cmTC_f151b/fast"
/usr/bin/make -f CMakeFiles/cmTC_f151b.dir/build.make CMakeFiles/cmTC_f151b.dir/build
make[1]: Entering directory '/home/IN/wobi3451/final_raytracer/build/CMakeFiles/CMakeTmp'
Building CXX object CMakeFiles/cmTC_f151b.dir/feature_tests.cxx.o
/usr/bin/c++    -std=c++1z -o CMakeFiles/cmTC_f151b.dir/feature_tests.cxx.o -c /home/IN/wobi3451/final_raytracer/build/CMakeFiles/feature_tests.cxx
Linking CXX executable cmTC_f151b
/usr/bin/cmake -E cmake_link_script CMakeFiles/cmTC_f151b.dir/link.txt --verbose=1
/usr/bin/c++       -rdynamic CMakeFiles/cmTC_f151b.dir/feature_tests.cxx.o  -o cmTC_f151b 
make[1]: Leaving directory '/home/IN/wobi3451/final_raytracer/build/CMakeFiles/CMakeTmp'


    Feature record: CXX_FEATURE:1cxx_aggregate_default_initializers
    Feature record: CXX_FEATURE:1cxx_alias_templates
    Feature record: CXX_FEATURE:1cxx_alignas
    Feature record: CXX_FEATURE:1cxx_alignof
    Feature record: CXX_FEATURE:1cxx_attributes
    Feature record: CXX_FEATURE:1cxx_attribute_deprecated
    Feature record: CXX_FEATURE:1cxx_auto_type
    Feature record: CXX_FEATURE:1cxx_binary_literals
    Feature record: CXX_FEATURE:1cxx_constexpr
    Feature record: CXX_FEATURE:1cxx_contextual_conversions
    Feature record: CXX_FEATURE:1cxx_decltype
    Feature record: CXX_FEATURE:1cxx_decltype_auto
    Feature record: CXX_FEATURE:1cxx_decltype_incomplete_return_types
    Feature record: CXX_FEATURE:1cxx_default_function_template_args
    Feature record: CXX_FEATURE:1cxx_defaulted_functions
    Feature record: CXX_FEATURE:1cxx_defaulted_move_initializers
    Feature record: CXX_FEATURE:1cxx_delegating_constructors
    Feature record: CXX_FEATURE:1cxx_deleted_functions
    Feature record: CXX_FEATURE:1cxx_digit_separators
    Feature record: CXX_FEATURE:1cxx_enum_forward_declarations
    Feature record: CXX_FEATURE:1cxx_explicit_conversions
    Feature record: CXX_FEATURE:1cxx_extended_friend_declarations
    Feature record: CXX_FEATURE:1cxx_extern_templates
    Feature record: CXX_FEATURE:1cxx_final
    Feature record: CXX_FEATURE:1cxx_func_identifier
    Feature record: CXX_FEATURE:1cxx_generalized_initializers
    Feature record: CXX_FEATURE:1cxx_generic_lambdas
    Feature record: CXX_FEATURE:1cxx_inheriting_constructors
    Feature record: CXX_FEATURE:1cxx_inline_namespaces
    Feature record: CXX_FEATURE:1cxx_lambdas
    Feature record: CXX_FEATURE:1cxx_lambda_init_captures
    Feature record: CXX_FEATURE:1cxx_local_type_template_args
    Feature record: CXX_FEATURE:1cxx_long_long_type
    Feature record: CXX_FEATURE:1cxx_noexcept
    Feature record: CXX_FEATURE:1cxx_nonstatic_member_init
    Feature record: CXX_FEATURE:1cxx_nullptr
    Feature record: CXX_FEATURE:1cxx_override
    Feature record: CXX_FEATURE:1cxx_range_for
    Feature record: CXX_FEATURE:1cxx_raw_string_literals
    Feature record: CXX_FEATURE:1cxx_reference_qualified_functions
    Feature record: CXX_FEATURE:1cxx_relaxed_constexpr
    Feature record: CXX_FEATURE:1cxx_return_type_deduction
    Feature record: CXX_FEATURE:1cxx_right_angle_brackets
    Feature record: CXX_FEATURE:1cxx_rvalue_references
    Feature record: CXX_FEATURE:1cxx_sizeof_member
    Feature record: CXX_FEATURE:1cxx_static_assert
    Feature record: CXX_FEATURE:1cxx_strong_enums
    Feature record: CXX_FEATURE:1cxx_template_template_parameters
    Feature record: CXX_FEATURE:1cxx_thread_local
    Feature record: CXX_FEATURE:1cxx_trailing_return_types
    Feature record: CXX_FEATURE:1cxx_unicode_literals
    Feature record: CXX_FEATURE:1cxx_uniform_initialization
    Feature record: CXX_FEATURE:1cxx_unrestricted_unions
    Feature record: CXX_FEATURE:1cxx_user_literals
    Feature record: CXX_FEATURE:1cxx_variable_templates
    Feature record: CXX_FEATURE:1cxx_variadic_macros
    Feature record: CXX_FEATURE:1cxx_variadic_templates


Detecting CXX [-std=c++14] compiler features compiled with the following output:
Change Dir: /home/IN/wobi3451/final_raytracer/build/CMakeFiles/CMakeTmp

Run Build Command:"/usr/bin/make" "cmTC_a9d86/fast"
/usr/bin/make -f CMakeFiles/cmTC_a9d86.dir/build.make CMakeFiles/cmTC_a9d86.dir/build
make[1]: Entering directory '/home/IN/wobi3451/final_raytracer/build/CMakeFiles/CMakeTmp'
Building CXX object CMakeFiles/cmTC_a9d86.dir/feature_tests.cxx.o
/usr/bin/c++    -std=c++14 -o CMakeFiles/cmTC_a9d86.dir/feature_tests.cxx.o -c /home/IN/wobi3451/final_raytracer/build/CMakeFiles/feature_tests.cxx
Linking CXX executable cmTC_a9d86
/usr/bin/cmake -E cmake_link_script CMakeFiles/cmTC_a9d86.dir/link.txt --verbose=1
/usr/bin/c++       -rdynamic CMakeFiles/cmTC_a9d86.dir/feature_tests.cxx.o  -o cmTC_a9d86 
make[1]: Leaving directory '/home/IN/wobi3451/final_raytracer/build/CMakeFiles/CMakeTmp'


    Feature record: CXX_FEATURE:1cxx_aggregate_default_initializers
    Feature record: CXX_FEATURE:1cxx_alias_templates
    Feature record: CXX_FEATURE:1cxx_alignas
    Feature record: CXX_FEATURE:1cxx_alignof
    Feature record: CXX_FEATURE:1cxx_attributes
    Feature record: CXX_FEATURE:1cxx_attribute_deprecated
    Feature record: CXX_FEATURE:1cxx_auto_type
    Feature record: CXX_FEATURE:1cxx_binary_literals
    Feature record: CXX_FEATURE:1cxx_constexpr
    Feature record: CXX_FEATURE:1cxx_contextual_conversions
    Feature record: CXX_FEATURE:1cxx_decltype
    Feature record: CXX_FEATURE:1cxx_decltype_auto
    Feature record: CXX_FEATURE:1cxx_decltype_incomplete_return_types
    Feature record: CXX_FEATURE:1cxx_default_function_template_args
    Feature record: CXX_FEATURE:1cxx_defaulted_functions
    Feature record: CXX_FEATURE:1cxx_defaulted_move_initializers
    Feature record: CXX_FEATURE:1cxx_delegating_constructors
    Feature record: CXX_FEATURE:1cxx_deleted_functions
    Feature record: CXX_FEATURE:1cxx_digit_separators
    Feature record: CXX_FEATURE:1cxx_enum_forward_declarations
    Feature record: CXX_FEATURE:1cxx_explicit_conversions
    Feature record: CXX_FEATURE:1cxx_extended_friend_declarations
    Feature record: CXX_FEATURE:1cxx_extern_templates
    Feature record: CXX_FEATURE:1cxx_final
    Feature record: CXX_FEATURE:1cxx_func_identifier
    Feature record: CXX_FEATURE:1cxx_generalized_initializers
    Feature record: CXX_FEATURE:1cxx_generic_lambdas
    Feature record: CXX_FEATURE:1cxx_inheriting_constructors
    Feature record: CXX_FEATURE:1cxx_inline_namespaces
    Feature record: CXX_FEATURE:1cxx_lambdas
    Feature record: CXX_FEATURE:1cxx_lambda_init_captures
    Feature record: CXX_FEATURE:1cxx_local_type_template_args
    Feature record: CXX_FEATURE:1cxx_long_long_type
    Feature record: CXX_FEATURE:1cxx_noexcept
    Feature record: CXX_FEATURE:1cxx_nonstatic_member_init
    Feature record: CXX_FEATURE:1cxx_nullptr
    Feature record: CXX_FEATURE:1cxx_override
    Feature record: CXX_FEATURE:1cxx_range_for
    Feature record: CXX_FEATURE:1cxx_raw_string_literals
    Feature record: CXX_FEATURE:1cxx_reference_qualified_functions
    Feature record: CXX_FEATURE:1cxx_relaxed_constexpr
    Feature record: CXX_FEATURE:1cxx_return_type_deduction
    Feature record: CXX_FEATURE:1cxx_right_angle_brackets
    Feature record: CXX_FEATURE:1cxx_rvalue_references
    Feature record: CXX_FEATURE:1cxx_sizeof_member
    Feature record: CXX_FEATURE:1cxx_static_assert
    Feature record: CXX_FEATURE:1cxx_strong_enums
    Feature record: CXX_FEATURE:1cxx_template_template_parameters
    Feature record: CXX_FEATURE:1cxx_thread_local
    Feature record: CXX_FEATURE:1cxx_trailing_return_types
    Feature record: CXX_FEATURE:1cxx_unicode_literals
    Feature record: CXX_FEATURE:1cxx_uniform_initialization
    Feature record: CXX_FEATURE:1cxx_unrestricted_unions
    Feature record: CXX_FEATURE:1cxx_user_literals
    Feature record: CXX_FEATURE:1cxx_variable_templates
    Feature record: CXX_FEATURE:1cxx_variadic_macros
    Feature record: CXX_FEATURE:1cxx_variadic_templates


Detecting CXX [-std=c++11] compiler features compiled with the following output:
Change Dir: /home/IN/wobi3451/final_raytracer/build/CMakeFiles/CMakeTmp

Run Build Command:"/usr/bin/make" "cmTC_dd6a4/fast"
/usr/bin/make -f CMakeFiles/cmTC_dd6a4.dir/build.make CMakeFiles/cmTC_dd6a4.dir/build
make[1]: Entering directory '/home/IN/wobi3451/final_raytracer/build/CMakeFiles/CMakeTmp'
Building CXX object CMakeFiles/cmTC_dd6a4.dir/feature_tests.cxx.o
/usr/bin/c++    -std=c++11 -o CMakeFiles/cmTC_dd6a4.dir/feature_tests.cxx.o -c /home/IN/wobi3451/final_raytracer/build/CMakeFiles/feature_tests.cxx
Linking CXX executable cmTC_dd6a4
/usr/bin/cmake -E cmake_link_script CMakeFiles/cmTC_dd6a4.dir/link.txt --verbose=1
/usr/bin/c++       -rdynamic CMakeFiles/cmTC_dd6a4.dir/feature_tests.cxx.o  -o cmTC_dd6a4 
make[1]: Leaving directory '/home/IN/wobi3451/final_raytracer/build/CMakeFiles/CMakeTmp'


    Feature record: CXX_FEATURE:0cxx_aggregate_default_initializers
    Feature record: CXX_FEATURE:1cxx_alias_templates
    Feature record: CXX_FEATURE:1cxx_alignas
    Feature record: CXX_FEATURE:1cxx_alignof
    Feature record: CXX_FEATURE:1cxx_attributes
    Feature record: CXX_FEATURE:0cxx_attribute_deprecated
    Feature record: CXX_FEATURE:1cxx_auto_type
    Feature record: CXX_FEATURE:0cxx_binary_literals
    Feature record: CXX_FEATURE:1cxx_constexpr
    Feature record: CXX_FEATURE:0cxx_contextual_conversions
    Feature record: CXX_FEATURE:1cxx_decltype
    Feature record: CXX_FEATURE:0cxx_decltype_auto
    Feature record: CXX_FEATURE:1cxx_decltype_incomplete_return_types
    Feature record: CXX_FEATURE:1cxx_default_function_template_args
    Feature record: CXX_FEATURE:1cxx_defaulted_functions
    Feature record: CXX_FEATURE:1cxx_defaulted_move_initializers
    Feature record: CXX_FEATURE:1cxx_delegating_constructors
    Feature record: CXX_FEATURE:1cxx_deleted_functions
    Feature record: CXX_FEATURE:0cxx_digit_separators
    Feature record: CXX_FEATURE:1cxx_enum_forward_declarations
    Feature record: CXX_FEATURE:1cxx_explicit_conversions
    Feature record: CXX_FEATURE:1cxx_extended_friend_declarations
    Feature record: CXX_FEATURE:1cxx_extern_templates
    Feature record: CXX_FEATURE:1cxx_final
    Feature record: CXX_FEATURE:1cxx_func_identifier
    Feature record: CXX_FEATURE:1cxx_generalized_initializers
    Feature record: CXX_FEATURE:0cxx_generic_lambdas
    Feature record: CXX_FEATURE:1cxx_inheriting_constructors
    Feature record: CXX_FEATURE:1cxx_inline_namespaces
    Feature record: CXX_FEATURE:1cxx_lambdas
    Feature record: CXX_FEATURE:0cxx_lambda_init_captures
    Feature record: CXX_FEATURE:1cxx_local_type_template_args
    Feature record: CXX_FEATURE:1cxx_long_long_type
    Feature record: CXX_FEATURE:1cxx_noexcept
    Feature record: CXX_FEATURE:1cxx_nonstatic_member_init
    Feature record: CXX_FEATURE:1cxx_nullptr
    Feature record: CXX_FEATURE:1cxx_override
    Feature record: CXX_FEATURE:1cxx_range_for
    Feature record: CXX_FEATURE:1cxx_raw_string_literals
    Feature record: CXX_FEATURE:1cxx_reference_qualified_functions
    Feature record: CXX_FEATURE:0cxx_relaxed_constexpr
    Feature record: CXX_FEATURE:0cxx_return_type_deduction
    Feature record: CXX_FEATURE:1cxx_right_angle_brackets
    Feature record: CXX_FEATURE:1cxx_rvalue_references
    Feature record: CXX_FEATURE:1cxx_sizeof_member
    Feature record: CXX_FEATURE:1cxx_static_assert
    Feature record: CXX_FEATURE:1cxx_strong_enums
    Feature record: CXX_FEATURE:1cxx_template_template_parameters
    Feature record: CXX_FEATURE:1cxx_thread_local
    Feature record: CXX_FEATURE:1cxx_trailing_return_types
    Feature record: CXX_FEATURE:1cxx_unicode_literals
    Feature record: CXX_FEATURE:1cxx_uniform_initialization
    Feature record: CXX_FEATURE:1cxx_unrestricted_unions
    Feature record: CXX_FEATURE:1cxx_user_literals
    Feature record: CXX_FEATURE:0cxx_variable_templates
    Feature record: CXX_FEATURE:1cxx_variadic_macros
    Feature record: CXX_FEATURE:1cxx_variadic_templates


Detecting CXX [-std=c++98] compiler features compiled with the following output:
Change Dir: /home/IN/wobi3451/final_raytracer/build/CMakeFiles/CMakeTmp

Run Build Command:"/usr/bin/make" "cmTC_44603/fast"
/usr/bin/make -f CMakeFiles/cmTC_44603.dir/build.make CMakeFiles/cmTC_44603.dir/build
make[1]: Entering directory '/home/IN/wobi3451/final_raytracer/build/CMakeFiles/CMakeTmp'
Building CXX object CMakeFiles/cmTC_44603.dir/feature_tests.cxx.o
/usr/bin/c++    -std=c++98 -o CMakeFiles/cmTC_44603.dir/feature_tests.cxx.o -c /home/IN/wobi3451/final_raytracer/build/CMakeFiles/feature_tests.cxx
Linking CXX executable cmTC_44603
/usr/bin/cmake -E cmake_link_script CMakeFiles/cmTC_44603.dir/link.txt --verbose=1
/usr/bin/c++       -rdynamic CMakeFiles/cmTC_44603.dir/feature_tests.cxx.o  -o cmTC_44603 
make[1]: Leaving directory '/home/IN/wobi3451/final_raytracer/build/CMakeFiles/CMakeTmp'


    Feature record: CXX_FEATURE:0cxx_aggregate_default_initializers
    Feature record: CXX_FEATURE:0cxx_alias_templates
    Feature record: CXX_FEATURE:0cxx_alignas
    Feature record: CXX_FEATURE:0cxx_alignof
    Feature record: CXX_FEATURE:0cxx_attributes
    Feature record: CXX_FEATURE:0cxx_attribute_deprecated
    Feature record: CXX_FEATURE:0cxx_auto_type
    Feature record: CXX_FEATURE:0cxx_binary_literals
    Feature record: CXX_FEATURE:0cxx_constexpr
    Feature record: CXX_FEATURE:0cxx_contextual_conversions
    Feature record: CXX_FEATURE:0cxx_decltype
    Feature record: CXX_FEATURE:0cxx_decltype_auto
    Feature record: CXX_FEATURE:0cxx_decltype_incomplete_return_types
    Feature record: CXX_FEATURE:0cxx_default_function_template_args
    Feature record: CXX_FEATURE:0cxx_defaulted_functions
    Feature record: CXX_FEATURE:0cxx_defaulted_move_initializers
    Feature record: CXX_FEATURE:0cxx_delegating_constructors
    Feature record: CXX_FEATURE:0cxx_deleted_functions
    Feature record: CXX_FEATURE:0cxx_digit_separators
    Feature record: CXX_FEATURE:0cxx_enum_forward_declarations
    Feature record: CXX_FEATURE:0cxx_explicit_conversions
    Feature record: CXX_FEATURE:0cxx_extended_friend_declarations
    Feature record: CXX_FEATURE:0cxx_extern_templates
    Feature record: CXX_FEATURE:0cxx_final
    Feature record: CXX_FEATURE:0cxx_func_identifier
    Feature record: CXX_FEATURE:0cxx_generalized_initializers
    Feature record: CXX_FEATURE:0cxx_generic_lambdas
    Feature record: CXX_FEATURE:0cxx_inheriting_constructors
    Feature record: CXX_FEATURE:0cxx_inline_namespaces
    Feature record: CXX_FEATURE:0cxx_lambdas
    Feature record: CXX_FEATURE:0cxx_lambda_init_captures
    Feature record: CXX_FEATURE:0cxx_local_type_template_args
    Feature record: CXX_FEATURE:0cxx_long_long_type
    Feature record: CXX_FEATURE:0cxx_noexcept
    Feature record: CXX_FEATURE:0cxx_nonstatic_member_init
    Feature record: CXX_FEATURE:0cxx_nullptr
    Feature record: CXX_FEATURE:0cxx_override
    Feature record: CXX_FEATURE:0cxx_range_for
    Feature record: CXX_FEATURE:0cxx_raw_string_literals
    Feature record: CXX_FEATURE:0cxx_reference_qualified_functions
    Feature record: CXX_FEATURE:0cxx_relaxed_constexpr
    Feature record: CXX_FEATURE:0cxx_return_type_deduction
    Feature record: CXX_FEATURE:0cxx_right_angle_brackets
    Feature record: CXX_FEATURE:0cxx_rvalue_references
    Feature record: CXX_FEATURE:0cxx_sizeof_member
    Feature record: CXX_FEATURE:0cxx_static_assert
    Feature record: CXX_FEATURE:0cxx_strong_enums
    Feature record: CXX_FEATURE:1cxx_template_template_parameters
    Feature record: CXX_FEATURE:0cxx_thread_local
    Feature record: CXX_FEATURE:0cxx_trailing_return_types
    Feature record: CXX_FEATURE:0cxx_unicode_literals
    Feature record: CXX_FEATURE:0cxx_uniform_initialization
    Feature record: CXX_FEATURE:0cxx_unrestricted_unions
    Feature record: CXX_FEATURE:0cxx_user_literals
    Feature record: CXX_FEATURE:0cxx_variable_templates
    Feature record: CXX_FEATURE:0cxx_variadic_macros
    Feature record: CXX_FEATURE:0cxx_variadic_templates
Performing C++ SOURCE FILE Test COMPILER_SUPPORTS_CXX14 succeeded with the following output:
Change Dir: /home/IN/wobi3451/final_raytracer/build/CMakeFiles/CMakeTmp

Run Build Command:"/usr/bin/make" "cmTC_d6eb2/fast"
/usr/bin/make -f CMakeFiles/cmTC_d6eb2.dir/build.make CMakeFiles/cmTC_d6eb2.dir/build
make[1]: Entering directory '/home/IN/wobi3451/final_raytracer/build/CMakeFiles/CMakeTmp'
Building CXX object CMakeFiles/cmTC_d6eb2.dir/src.cxx.o
/usr/bin/c++    -DCOMPILER_SUPPORTS_CXX14   -std=c++14 -o CMakeFiles/cmTC_d6eb2.dir/src.cxx.o -c /home/IN/wobi3451/final_raytracer/build/CMakeFiles/CMakeTmp/src.cxx
Linking CXX executable cmTC_d6eb2
/usr/bin/cmake -E cmake_link_script CMakeFiles/cmTC_d6eb2.dir/link.txt --verbose=1
/usr/bin/c++   -DCOMPILER_SUPPORTS_CXX14    -rdynamic CMakeFiles/cmTC_d6eb2.dir/src.cxx.o  -o cmTC_d6eb2 
make[1]: Leaving directory '/home/IN/wobi3451/final_raytracer/build/CMakeFiles/CMakeTmp'

Source file was:
int main() { return 0; }
Performing C++ SOURCE FILE Test COMPILER_SUPPORTS_CXX11 succeeded with the following output:
Change Dir: /home/IN/wobi3451/final_raytracer/build/CMakeFiles/CMakeTmp

Run Build Command:"/usr/bin/make" "cmTC_e6cbf/fast"
/usr/bin/make -f CMakeFiles/cmTC_e6cbf.dir/build.make CMakeFiles/cmTC_e6cbf.dir/build
make[1]: Entering directory '/home/IN/wobi3451/final_raytracer/build/CMakeFiles/CMakeTmp'
Building CXX object CMakeFiles/cmTC_e6cbf.dir/src.cxx.o
/usr/bin/c++    -DCOMPILER_SUPPORTS_CXX11   -std=c++11 -o CMakeFiles/cmTC_e6cbf.dir/src.cxx.o -c /home/IN/wobi3451/final_raytracer/build/CMakeFiles/CMakeTmp/src.cxx
Linking CXX executable cmTC_e6cbf
/usr/bin/cmake -E cmake_link_script CMakeFiles/cmTC_e6cbf.dir/link.txt --verbose=1
/usr/bin/c++   -DCOMPILER_SUPPORTS_CXX11    -rdynamic CMakeFiles/cmTC_e6cbf.dir/src.cxx.o  -o cmTC_e6cbf 
make[1]: Leaving directory '/home/IN/wobi3451/final_raytracer/build/CMakeFiles/CMakeTmp'

Source file was:
int main() { return 0; }
Determining if the include file pthread.h exists passed with the following output:
Change Dir: /home/IN/wobi3451/final_raytracer/build/CMakeFiles/CMakeTmp

Run Build Command:"/usr/bin/make" "cmTC_56a4d/fast"
/usr/bin/make -f CMakeFiles/cmTC_56a4d.dir/build.make CMakeFiles/cmTC_56a4d.dir/build
make[1]: Entering directory '/home/IN/wobi3451/final_raytracer/build/CMakeFiles/CMakeTmp'
Building C object CMakeFiles/cmTC_56a4d.dir/CheckIncludeFile.c.o
/usr/bin/cc    -o CMakeFiles/cmTC_56a4d.dir/CheckIncludeFile.c.o   -c /home/IN/wobi3451/final_raytracer/build/CMakeFiles/CMakeTmp/CheckIncludeFile.c
Linking C executable cmTC_56a4d
/usr/bin/cmake -E cmake_link_script CMakeFiles/cmTC_56a4d.dir/link.txt --verbose=1
/usr/bin/cc      -rdynamic CMakeFiles/cmTC_56a4d.dir/CheckIncludeFile.c.o  -o cmTC_56a4d 
make[1]: Leaving directory '/home/IN/wobi3451/final_raytracer/build/CMakeFiles/CMakeTmp'


Determining if the function pthread_create exists in the pthreads passed with the following output:
Change Dir: /home/IN/wobi3451/final_raytracer/build/CMakeFiles/CMakeTmp

Run Build Command:"/usr/bin/make" "cmTC_dc811/fast"
/usr/bin/make -f CMakeFiles/cmTC_dc811.dir/build.make CMakeFiles/cmTC_dc811.dir/build
make[1]: Entering directory '/home/IN/wobi3451/final_raytracer/build/CMakeFiles/CMakeTmp'
Building C object CMakeFiles/cmTC_dc811.dir/CheckFunctionExists.c.o
/usr/bin/cc   -DCHECK_FUNCTION_EXISTS=pthread_create   -o CMakeFiles/cmTC_dc811.dir/CheckFunctionExists.c.o   -c /usr/share/cmake-3.10/Modules/CheckFunctionExists.c
Linking C executable cmTC_dc811
/usr/bin/cmake -E cmake_link_script CMakeFiles/cmTC_dc811.dir/link.txt --verbose=1
/usr/bin/cc  -DCHECK_FUNCTION_EXISTS=pthread_create    -rdynamic CMakeFiles/cmTC_dc811.dir/CheckFunctionExists.c.o  -o cmTC_dc811 -lpthreads 
make[1]: Leaving directory '/home/IN/wobi3451/final_raytracer/build/CMakeFiles/CMakeTmp'


Determining if the function XOpenDisplay exists in the /usr/lib/libX11.so;/usr/lib/libXext.so passed with the following output:
Change Dir: /home/IN/wobi3451/final_raytracer/build/CMakeFiles/CMakeTmp

Run Build Command:"/usr/bin/make" "cmTC_12cc3/fast"
/usr/bin/make -f CMakeFiles/cmTC_12cc3.dir/build.make CMakeFiles/cmTC_12cc3.dir/build
make[1]: Entering directory '/home/IN/wobi3451/final_raytracer/build/CMakeFiles/CMakeTmp'
Building C object CMakeFiles/cmTC_12cc3.dir/CheckFunctionExists.c.o
/usr/bin/cc   -DCHECK_FUNCTION_EXISTS=XOpenDisplay   -o CMakeFiles/cmTC_12cc3.dir/CheckFunctionExists.c.o   -c /usr/share/cmake-3.10/Modules/CheckFunctionExists.c
Linking C executable cmTC_12cc3
/usr/bin/cmake -E cmake_link_script CMakeFiles/cmTC_12cc3.dir/link.txt --verbose=1
/usr/bin/cc  -DCHECK_FUNCTION_EXISTS=XOpenDisplay    -rdynamic CMakeFiles/cmTC_12cc3.dir/CheckFunctionExists.c.o  -o cmTC_12cc3 /usr/lib/libX11.so /usr/lib/libXext.so 
make[1]: Leaving directory '/home/IN/wobi3451/final_raytracer/build/CMakeFiles/CMakeTmp'


Determining if the function gethostbyname exists passed with the following output:
Change Dir: /home/IN/wobi3451/final_raytracer/build/CMakeFiles/CMakeTmp

Run Build Command:"/usr/bin/make" "cmTC_c94c0/fast"
/usr/bin/make -f CMakeFiles/cmTC_c94c0.dir/build.make CMakeFiles/cmTC_c94c0.dir/build
make[1]: Entering directory '/home/IN/wobi3451/final_raytracer/build/CMakeFiles/CMakeTmp'
Building C object CMakeFiles/cmTC_c94c0.dir/CheckFunctionExists.c.o
/usr/bin/cc   -DCHECK_FUNCTION_EXISTS=gethostbyname   -o CMakeFiles/cmTC_c94c0.dir/CheckFunctionExists.c.o   -c /usr/share/cmake-3.10/Modules/CheckFunctionExists.c
Linking C executable cmTC_c94c0
/usr/bin/cmake -E cmake_link_script CMakeFiles/cmTC_c94c0.dir/link.txt --verbose=1
/usr/bin/cc  -DCHECK_FUNCTION_EXISTS=gethostbyname    -rdynamic CMakeFiles/cmTC_c94c0.dir/CheckFunctionExists.c.o  -o cmTC_c94c0 
make[1]: Leaving directory '/home/IN/wobi3451/final_raytracer/build/CMakeFiles/CMakeTmp'


Determining if the function connect exists passed with the following output:
Change Dir: /home/IN/wobi3451/final_raytracer/build/CMakeFiles/CMakeTmp

Run Build Command:"/usr/bin/make" "cmTC_fd9bb/fast"
/usr/bin/make -f CMakeFiles/cmTC_fd9bb.dir/build.make CMakeFiles/cmTC_fd9bb.dir/build
make[1]: Entering directory '/home/IN/wobi3451/final_raytracer/build/CMakeFiles/CMakeTmp'
Building C object CMakeFiles/cmTC_fd9bb.dir/CheckFunctionExists.c.o
/usr/bin/cc   -DCHECK_FUNCTION_EXISTS=connect   -o CMakeFiles/cmTC_fd9bb.dir/CheckFunctionExists.c.o   -c /usr/share/cmake-3.10/Modules/CheckFunctionExists.c
Linking C executable cmTC_fd9bb
/usr/bin/cmake -E cmake_link_script CMakeFiles/cmTC_fd9bb.dir/link.txt --verbose=1
/usr/bin/cc  -DCHECK_FUNCTION_EXISTS=connect    -rdynamic CMakeFiles/cmTC_fd9bb.dir/CheckFunctionExists.c.o  -o cmTC_fd9bb 
make[1]: Leaving directory '/home/IN/wobi3451/final_raytracer/build/CMakeFiles/CMakeTmp'


Determining if the function remove exists passed with the following output:
Change Dir: /home/IN/wobi3451/final_raytracer/build/CMakeFiles/CMakeTmp

Run Build Command:"/usr/bin/make" "cmTC_1ee74/fast"
/usr/bin/make -f CMakeFiles/cmTC_1ee74.dir/build.make CMakeFiles/cmTC_1ee74.dir/build
make[1]: Entering directory '/home/IN/wobi3451/final_raytracer/build/CMakeFiles/CMakeTmp'
Building C object CMakeFiles/cmTC_1ee74.dir/CheckFunctionExists.c.o
/usr/bin/cc   -DCHECK_FUNCTION_EXISTS=remove   -o CMakeFiles/cmTC_1ee74.dir/CheckFunctionExists.c.o   -c /usr/share/cmake-3.10/Modules/CheckFunctionExists.c
Linking C executable cmTC_1ee74
/usr/bin/cmake -E cmake_link_script CMakeFiles/cmTC_1ee74.dir/link.txt --verbose=1
/usr/bin/cc  -DCHECK_FUNCTION_EXISTS=remove    -rdynamic CMakeFiles/cmTC_1ee74.dir/CheckFunctionExists.c.o  -o cmTC_1ee74 
make[1]: Leaving directory '/home/IN/wobi3451/final_raytracer/build/CMakeFiles/CMakeTmp'


Determining if the function shmat exists passed with the following output:
Change Dir: /home/IN/wobi3451/final_raytracer/build/CMakeFiles/CMakeTmp

Run Build Command:"/usr/bin/make" "cmTC_2add5/fast"
/usr/bin/make -f CMakeFiles/cmTC_2add5.dir/build.make CMakeFiles/cmTC_2add5.dir/build
make[1]: Entering directory '/home/IN/wobi3451/final_raytracer/build/CMakeFiles/CMakeTmp'
Building C object CMakeFiles/cmTC_2add5.dir/CheckFunctionExists.c.o
/usr/bin/cc   -DCHECK_FUNCTION_EXISTS=shmat   -o CMakeFiles/cmTC_2add5.dir/CheckFunctionExists.c.o   -c /usr/share/cmake-3.10/Modules/CheckFunctionExists.c
Linking C executable cmTC_2add5
/usr/bin/cmake -E cmake_link_script CMakeFiles/cmTC_2add5.dir/link.txt --verbose=1
/usr/bin/cc  -DCHECK_FUNCTION_EXISTS=shmat    -rdynamic CMakeFiles/cmTC_2add5.dir/CheckFunctionExists.c.o  -o cmTC_2add5 
make[1]: Leaving directory '/home/IN/wobi3451/final_raytracer/build/CMakeFiles/CMakeTmp'


Determining if the function IceConnectionNumber exists in the ICE passed with the following output:
Change Dir: /home/IN/wobi3451/final_raytracer/build/CMakeFiles/CMakeTmp

Run Build Command:"/usr/bin/make" "cmTC_e8f16/fast"
/usr/bin/make -f CMakeFiles/cmTC_e8f16.dir/build.make CMakeFiles/cmTC_e8f16.dir/build
make[1]: Entering directory '/home/IN/wobi3451/final_raytracer/build/CMakeFiles/CMakeTmp'
Building C object CMakeFiles/cmTC_e8f16.dir/CheckFunctionExists.c.o
/usr/bin/cc   -DCHECK_FUNCTION_EXISTS=IceConnectionNumber   -o CMakeFiles/cmTC_e8f16.dir/CheckFunctionExists.c.o   -c /usr/share/cmake-3.10/Modules/CheckFunctionExists.c
Linking C executable cmTC_e8f16
/usr/bin/cmake -E cmake_link_script CMakeFiles/cmTC_e8f16.dir/link.txt --verbose=1
/usr/bin/cc  -DCHECK_FUNCTION_EXISTS=IceConnectionNumber    -rdynamic CMakeFiles/cmTC_e8f16.dir/CheckFunctionExists.c.o  -o cmTC_e8f16 -lICE 
make[1]: Leaving directory '/home/IN/wobi3451/final_raytracer/build/CMakeFiles/CMakeTmp'


