Determining if the pthread_create exist failed with the following output:
Change Dir: /home/valentina/final_raytracer/build/CMakeFiles/CMakeTmp

Run Build Command:"/usr/bin/make" "cmTC_00c74/fast"
/usr/bin/make -f CMakeFiles/cmTC_00c74.dir/build.make CMakeFiles/cmTC_00c74.dir/build
make[1]: Entering directory '/home/valentina/final_raytracer/build/CMakeFiles/CMakeTmp'
Building C object CMakeFiles/cmTC_00c74.dir/CheckSymbolExists.c.o
/usr/bin/cc    -o CMakeFiles/cmTC_00c74.dir/CheckSymbolExists.c.o   -c /home/valentina/final_raytracer/build/CMakeFiles/CMakeTmp/CheckSymbolExists.c
Linking C executable cmTC_00c74
/usr/bin/cmake -E cmake_link_script CMakeFiles/cmTC_00c74.dir/link.txt --verbose=1
/usr/bin/cc      -rdynamic CMakeFiles/cmTC_00c74.dir/CheckSymbolExists.c.o  -o cmTC_00c74 
CMakeFiles/cmTC_00c74.dir/CheckSymbolExists.c.o: In function `main':
CheckSymbolExists.c:(.text+0x1b): undefined reference to `pthread_create'
collect2: error: ld returned 1 exit status
CMakeFiles/cmTC_00c74.dir/build.make:97: recipe for target 'cmTC_00c74' failed
make[1]: *** [cmTC_00c74] Error 1
make[1]: Leaving directory '/home/valentina/final_raytracer/build/CMakeFiles/CMakeTmp'
Makefile:126: recipe for target 'cmTC_00c74/fast' failed
make: *** [cmTC_00c74/fast] Error 2

File /home/valentina/final_raytracer/build/CMakeFiles/CMakeTmp/CheckSymbolExists.c:
/* */
#include <pthread.h>

int main(int argc, char** argv)
{
  (void)argv;
#ifndef pthread_create
  return ((int*)(&pthread_create))[argc];
#else
  (void)argc;
  return 0;
#endif
}

Determining if the function pthread_create exists in the pthreads failed with the following output:
Change Dir: /home/valentina/final_raytracer/build/CMakeFiles/CMakeTmp

Run Build Command:"/usr/bin/make" "cmTC_5a6ba/fast"
/usr/bin/make -f CMakeFiles/cmTC_5a6ba.dir/build.make CMakeFiles/cmTC_5a6ba.dir/build
make[1]: Entering directory '/home/valentina/final_raytracer/build/CMakeFiles/CMakeTmp'
Building C object CMakeFiles/cmTC_5a6ba.dir/CheckFunctionExists.c.o
/usr/bin/cc   -DCHECK_FUNCTION_EXISTS=pthread_create   -o CMakeFiles/cmTC_5a6ba.dir/CheckFunctionExists.c.o   -c /usr/share/cmake-3.9/Modules/CheckFunctionExists.c
Linking C executable cmTC_5a6ba
/usr/bin/cmake -E cmake_link_script CMakeFiles/cmTC_5a6ba.dir/link.txt --verbose=1
/usr/bin/cc  -DCHECK_FUNCTION_EXISTS=pthread_create    -rdynamic CMakeFiles/cmTC_5a6ba.dir/CheckFunctionExists.c.o  -o cmTC_5a6ba -lpthreads 
/usr/bin/ld: cannot find -lpthreads
collect2: error: ld returned 1 exit status
CMakeFiles/cmTC_5a6ba.dir/build.make:97: recipe for target 'cmTC_5a6ba' failed
make[1]: *** [cmTC_5a6ba] Error 1
make[1]: Leaving directory '/home/valentina/final_raytracer/build/CMakeFiles/CMakeTmp'
Makefile:126: recipe for target 'cmTC_5a6ba/fast' failed
make: *** [cmTC_5a6ba/fast] Error 2


